<?xml version="1.0"?><coverage lines-covered="107" lines-valid="155" line-rate="0.6903225806451613" branches-covered="0" branches-valid="0" branch-rate="0" complexity="0" version="1.9" timestamp="1753679710"><sources><source>/home/runner/work/tinyretro/tinyretro/server</source></sources><packages><package name="src" line-rate="0.6903225806451613" branch-rate="0" complexity="0"><classes><class name="main" filename="src/main.rs" line-rate="0.4155844155844156" branch-rate="0" complexity="0"><methods/><lines><line number="56" hits="1"/><line number="57" hits="1"/><line number="58" hits="1"/><line number="59" hits="3"/><line number="60" hits="2"/><line number="61" hits="2"/><line number="62" hits="1"/><line number="64" hits="1"/><line number="65" hits="3"/><line number="66" hits="2"/><line number="67" hits="2"/><line number="68" hits="1"/><line number="70" hits="1"/><line number="71" hits="3"/><line number="72" hits="2"/><line number="73" hits="2"/><line number="74" hits="1"/><line number="76" hits="1"/><line number="77" hits="3"/><line number="78" hits="2"/><line number="79" hits="2"/><line number="80" hits="1"/><line number="82" hits="1"/><line number="87" hits="3"/><line number="93" hits="2"/><line number="94" hits="2"/><line number="95" hits="1"/><line number="97" hits="1"/><line number="102" hits="3"/><line number="108" hits="2"/><line number="109" hits="2"/><line number="110" hits="1"/><line number="116" hits="0"/><line number="120" hits="0"/><line number="123" hits="0"/><line number="124" hits="0"/><line number="126" hits="0"/><line number="128" hits="0"/><line number="130" hits="0"/><line number="131" hits="0"/><line number="133" hits="0"/><line number="136" hits="0"/><line number="137" hits="0"/><line number="138" hits="0"/><line number="145" hits="0"/><line number="149" hits="0"/><line number="150" hits="0"/><line number="151" hits="0"/><line number="152" hits="0"/><line number="153" hits="0"/><line number="154" hits="0"/><line number="155" hits="0"/><line number="161" hits="0"/><line number="162" hits="0"/><line number="163" hits="0"/><line number="166" hits="0"/><line number="167" hits="0"/><line number="169" hits="0"/><line number="170" hits="0"/><line number="178" hits="0"/><line number="183" hits="0"/><line number="401" hits="0"/><line number="402" hits="0"/><line number="404" hits="0"/><line number="405" hits="0"/><line number="407" hits="0"/><line number="411" hits="0"/><line number="412" hits="0"/><line number="413" hits="0"/><line number="414" hits="0"/><line number="415" hits="0"/><line number="418" hits="0"/><line number="419" hits="0"/><line number="420" hits="0"/><line number="422" hits="0"/><line number="424" hits="0"/><line number="425" hits="0"/></lines></class><class name="retroboard" filename="src/retroboard.rs" line-rate="0.9615384615384616" branch-rate="0" complexity="0"><methods/><lines><line number="14" hits="1"/><line number="15" hits="1"/><line number="27" hits="1"/><line number="28" hits="1"/><line number="29" hits="2"/><line number="30" hits="1"/><line number="31" hits="1"/><line number="32" hits="1"/><line number="34" hits="1"/><line number="39" hits="1"/><line number="40" hits="1"/><line number="43" hits="1"/><line number="44" hits="1"/><line number="55" hits="1"/><line number="57" hits="1"/><line number="58" hits="1"/><line number="138" hits="1"/><line number="139" hits="1"/><line number="140" hits="1"/><line number="143" hits="1"/><line number="144" hits="1"/><line number="145" hits="2"/><line number="146" hits="1"/><line number="147" hits="1"/><line number="148" hits="0"/><line number="149" hits="0"/><line number="150" hits="0"/><line number="153" hits="2"/><line number="154" hits="1"/><line number="155" hits="1"/><line number="156" hits="3"/><line number="157" hits="1"/><line number="161" hits="1"/><line number="165" hits="2"/><line number="166" hits="2"/><line number="167" hits="2"/><line number="168" hits="4"/><line number="169" hits="2"/><line number="170" hits="1"/><line number="171" hits="2"/><line number="172" hits="1"/><line number="177" hits="1"/><line number="178" hits="1"/><line number="181" hits="1"/><line number="182" hits="1"/><line number="185" hits="1"/><line number="186" hits="1"/><line number="189" hits="1"/><line number="190" hits="1"/><line number="196" hits="2"/><line number="197" hits="1"/><line number="199" hits="3"/><line number="205" hits="3"/><line number="206" hits="3"/><line number="207" hits="2"/><line number="209" hits="2"/><line number="214" hits="1"/><line number="215" hits="2"/><line number="222" hits="1"/><line number="223" hits="1"/><line number="225" hits="2"/><line number="231" hits="1"/><line number="232" hits="3"/><line number="234" hits="5"/><line number="237" hits="4"/><line number="238" hits="3"/><line number="240" hits="4"/><line number="241" hits="2"/><line number="242" hits="3"/><line number="245" hits="2"/><line number="246" hits="2"/><line number="247" hits="1"/><line number="250" hits="1"/><line number="251" hits="1"/><line number="252" hits="2"/><line number="255" hits="2"/><line number="257" hits="2"/><line number="261" hits="2"/></lines></class></classes></package></packages></coverage>