<?xml version="1.0"?><coverage lines-covered="54" lines-valid="155" line-rate="0.34838709677419355" branches-covered="0" branches-valid="0" branch-rate="0" complexity="0" version="1.9" timestamp="1753678595"><sources><source>/home/runner/work/tinyretro/tinyretro/server</source></sources><packages><package name="src" line-rate="0.34838709677419355" branch-rate="0" complexity="0"><classes><class name="main" filename="src/main.rs" line-rate="0" branch-rate="0" complexity="0"><methods/><lines><line number="55" hits="0"/><line number="56" hits="0"/><line number="57" hits="0"/><line number="58" hits="0"/><line number="59" hits="0"/><line number="60" hits="0"/><line number="61" hits="0"/><line number="63" hits="0"/><line number="64" hits="0"/><line number="65" hits="0"/><line number="66" hits="0"/><line number="67" hits="0"/><line number="69" hits="0"/><line number="70" hits="0"/><line number="71" hits="0"/><line number="72" hits="0"/><line number="73" hits="0"/><line number="75" hits="0"/><line number="76" hits="0"/><line number="77" hits="0"/><line number="78" hits="0"/><line number="79" hits="0"/><line number="81" hits="0"/><line number="86" hits="0"/><line number="92" hits="0"/><line number="93" hits="0"/><line number="94" hits="0"/><line number="96" hits="0"/><line number="101" hits="0"/><line number="107" hits="0"/><line number="108" hits="0"/><line number="109" hits="0"/><line number="115" hits="0"/><line number="119" hits="0"/><line number="122" hits="0"/><line number="123" hits="0"/><line number="125" hits="0"/><line number="127" hits="0"/><line number="129" hits="0"/><line number="130" hits="0"/><line number="132" hits="0"/><line number="135" hits="0"/><line number="136" hits="0"/><line number="137" hits="0"/><line number="144" hits="0"/><line number="148" hits="0"/><line number="149" hits="0"/><line number="150" hits="0"/><line number="151" hits="0"/><line number="152" hits="0"/><line number="153" hits="0"/><line number="154" hits="0"/><line number="160" hits="0"/><line number="161" hits="0"/><line number="162" hits="0"/><line number="165" hits="0"/><line number="166" hits="0"/><line number="168" hits="0"/><line number="169" hits="0"/><line number="177" hits="0"/><line number="182" hits="0"/><line number="186" hits="0"/><line number="187" hits="0"/><line number="189" hits="0"/><line number="190" hits="0"/><line number="192" hits="0"/><line number="196" hits="0"/><line number="197" hits="0"/><line number="198" hits="0"/><line number="199" hits="0"/><line number="200" hits="0"/><line number="203" hits="0"/><line number="204" hits="0"/><line number="205" hits="0"/><line number="207" hits="0"/><line number="209" hits="0"/><line number="210" hits="0"/></lines></class><class name="retroboard" filename="src/retroboard.rs" line-rate="0.6923076923076923" branch-rate="0" complexity="0"><methods/><lines><line number="14" hits="1"/><line number="15" hits="1"/><line number="27" hits="2"/><line number="28" hits="1"/><line number="29" hits="3"/><line number="30" hits="1"/><line number="31" hits="1"/><line number="32" hits="1"/><line number="34" hits="1"/><line number="39" hits="1"/><line number="40" hits="1"/><line number="43" hits="1"/><line number="44" hits="1"/><line number="55" hits="0"/><line number="57" hits="0"/><line number="58" hits="0"/><line number="138" hits="0"/><line number="139" hits="0"/><line number="140" hits="0"/><line number="143" hits="0"/><line number="144" hits="0"/><line number="145" hits="0"/><line number="146" hits="0"/><line number="147" hits="0"/><line number="148" hits="0"/><line number="149" hits="0"/><line number="150" hits="0"/><line number="153" hits="0"/><line number="154" hits="0"/><line number="155" hits="0"/><line number="156" hits="0"/><line number="157" hits="0"/><line number="161" hits="0"/><line number="165" hits="2"/><line number="166" hits="1"/><line number="167" hits="4"/><line number="168" hits="4"/><line number="169" hits="1"/><line number="170" hits="2"/><line number="171" hits="2"/><line number="172" hits="2"/><line number="177" hits="1"/><line number="178" hits="2"/><line number="181" hits="1"/><line number="182" hits="1"/><line number="185" hits="1"/><line number="186" hits="1"/><line number="189" hits="1"/><line number="190" hits="1"/><line number="196" hits="2"/><line number="197" hits="1"/><line number="199" hits="0"/><line number="205" hits="3"/><line number="206" hits="2"/><line number="207" hits="2"/><line number="209" hits="0"/><line number="214" hits="1"/><line number="215" hits="2"/><line number="222" hits="1"/><line number="223" hits="1"/><line number="225" hits="0"/><line number="231" hits="1"/><line number="232" hits="3"/><line number="234" hits="4"/><line number="237" hits="3"/><line number="238" hits="2"/><line number="240" hits="3"/><line number="241" hits="2"/><line number="242" hits="3"/><line number="245" hits="2"/><line number="246" hits="2"/><line number="247" hits="1"/><line number="250" hits="1"/><line number="251" hits="1"/><line number="252" hits="2"/><line number="256" hits="1"/><line number="257" hits="2"/><line number="259" hits="0"/></lines></class></classes></package></packages></coverage>